<?xml version="1.0" encoding="UTF-8"?>
<!-- Generated by org.testng.reporters.JUnitReportReporter -->
<testsuite skipped="0" hostname="DESKTOP-VRH1LK5" name="testng" tests="2" failures="0" timestamp="2019-09-18T19:30:12 IST" time="6.082" errors="0">
  <testcase name="demo" time="6.066" classname="testng"/>
  <testcase name="demo1" time="0.016" classname="testng"/>
</testsuite> <!-- testng -->
