<?xml version="1.0" encoding="UTF-8"?>
<!-- Generated by org.testng.reporters.JUnitReportReporter -->
<testsuite skipped="0" hostname="DESKTOP-VRH1LK5" name="org.testng.Testdata" tests="2" failures="0" timestamp="2019-09-19T20:52:19 IST" time="0.015" errors="0">
  <testcase name="test" time="0.003" classname="org.testng.Testdata"/>
  <testcase name="test" time="0.012" classname="org.testng.Testdata"/>
</testsuite> <!-- org.testng.Testdata -->
