<?xml version="1.0" encoding="UTF-8"?>
<!-- Generated by org.testng.reporters.JUnitReportReporter -->
<testsuite skipped="0" hostname="DESKTOP-VRH1LK5" name="org.testng.Dataprovider" tests="3" failures="0" timestamp="2019-09-19T20:21:11 IST" time="0.018" errors="0">
  <testcase name="createUser" time="0.002" classname="org.testng.Dataprovider"/>
  <testcase name="createUser" time="0.015" classname="org.testng.Dataprovider"/>
  <testcase name="createUser" time="0.001" classname="org.testng.Dataprovider"/>
</testsuite> <!-- org.testng.Dataprovider -->
