<?xml version="1.0" encoding="UTF-8"?>
<!-- Generated by org.testng.reporters.JUnitReportReporter -->
<testsuite skipped="0" hostname="DESKTOP-VRH1LK5" name="TestngDemo" tests="10" failures="0" timestamp="2019-09-18T20:14:13 IST" time="0.047" errors="0">
  <testcase name="demo7" time="0.000" classname="TestngDemo"/>
  <testcase name="demo3" time="0.000" classname="TestngDemo"/>
  <testcase name="demo2" time="0.031" classname="TestngDemo"/>
  <testcase name="demo4" time="0.000" classname="TestngDemo"/>
  <testcase name="demo6" time="0.000" classname="TestngDemo"/>
  <testcase name="demo5" time="0.000" classname="TestngDemo"/>
  <testcase name="demo1" time="0.000" classname="TestngDemo"/>
  <testcase name="demo1" time="0.016" classname="TestngDemo"/>
  <testcase name="demo1" time="0.000" classname="TestngDemo"/>
  <testcase name="demo" time="0.000" classname="TestngDemo"/>
</testsuite> <!-- TestngDemo -->
